<?xml version="1.0" encoding="utf-8"?><testsuites name="pytest tests"><testsuite name="pytest" errors="0" failures="0" skipped="0" tests="23" time="4.994" timestamp="2026-05-06T10:30:00.942427+00:00" hostname="agent-env-7e4eb0a8-e782-4a4d-9015-0196a386e028"><testcase classname="tests.test_yigim_api" name="test_yigim_prices_returns_usd_and_correct_amounts" time="0.188" /><testcase classname="tests.test_yigim_api" name="test_legacy_epoint_endpoints_removed[/api/epoint/checkout/create]" time="0.207" /><testcase classname="tests.test_yigim_api" name="test_legacy_epoint_endpoints_removed[/api/epoint/callback]" time="0.223" /><testcase classname="tests.test_yigim_api" name="test_legacy_epoint_endpoints_removed[/api/epoint/status/test]" time="0.221" /><testcase classname="tests.test_yigim_api" name="test_legacy_epoint_endpoints_removed[/api/epoint/transaction/test]" time="0.209" /><testcase classname="tests.test_yigim_api" name="test_legacy_epoint_endpoints_removed[/api/epoint/prices]" time="0.224" /><testcase classname="tests.test_yigim_api" name="test_yigim_checkout_requires_auth" time="0.108" /><testcase classname="tests.test_yigim_api" name="test_yigim_checkout_invalid_product_returns_400" time="0.460" /><testcase classname="tests.test_yigim_api" name="test_yigim_checkout_create_for_valid_products[course]" time="0.559" /><testcase classname="tests.test_yigim_api" name="test_yigim_checkout_create_for_valid_products[book]" time="0.340" /><testcase classname="tests.test_yigim_api" name="test_yigim_checkout_create_for_valid_products[signals]" time="0.323" /><testcase classname="tests.test_yigim_api" name="test_yigim_checkout_create_for_valid_products[arbitrage]" time="0.348" /><testcase classname="tests.test_yigim_api" name="test_yigim_status_unknown_returns_404" time="0.148" /><testcase classname="tests.test_yigim_api" name="test_yigim_status_requires_auth" time="0.125" /><testcase classname="tests.test_yigim_api" name="test_yigim_transaction_unknown_returns_404" time="0.104" /><testcase classname="tests.test_yigim_api" name="test_yigim_transaction_requires_auth" time="0.102" /><testcase classname="tests.test_yigim_api" name="test_yigim_callback_unknown_reference_redirects_to_failed" time="0.103" /><testcase classname="tests.test_yigim_api" name="test_yigim_callback_missing_reference" time="0.127" /><testcase classname="tests.test_yigim_api" name="test_existing_login_works" time="0.347" /><testcase classname="tests.test_yigim_api" name="test_get_courses" time="0.124" /><testcase classname="tests.test_yigim_api" name="test_get_signals" time="0.104" /><testcase classname="tests.test_yigim_api" name="test_get_book" time="0.116" /><testcase classname="tests.test_yigim_api" name="test_arbitrage_status_admin" time="0.118" /></testsuite></testsuites>