<?xml version="1.0" encoding="utf-8"?><testsuites name="pytest tests"><testsuite name="pytest" errors="0" failures="0" skipped="0" tests="14" time="15.437" timestamp="2026-03-16T10:20:25.765438+00:00" hostname="agent-env-7e4eb0a8-e782-4a4d-9015-0196a386e028"><testcase classname="backend.tests.test_arbitrage_scanner.TestArbitrageAuth" name="test_01_backend_accessible" time="0.135" /><testcase classname="backend.tests.test_arbitrage_scanner.TestArbitrageAuth" name="test_02_admin_login" time="0.342" /><testcase classname="backend.tests.test_arbitrage_scanner.TestArbitrageStatusEndpoint" name="test_03_status_unauthenticated" time="0.103" /><testcase classname="backend.tests.test_arbitrage_scanner.TestArbitrageStatusEndpoint" name="test_04_status_authenticated_admin" time="0.430" /><testcase classname="backend.tests.test_arbitrage_scanner.TestArbitrageStatusEndpoint" name="test_05_status_simplified_features" time="0.451" /><testcase classname="backend.tests.test_arbitrage_scanner.TestArbitrageScanEndpoint" name="test_06_scan_unauthenticated_returns_empty" time="0.113" /><testcase classname="backend.tests.test_arbitrage_scanner.TestArbitrageScanEndpoint" name="test_07_scan_authenticated_response_fields" time="1.513" /><testcase classname="backend.tests.test_arbitrage_scanner.TestArbitrageScanEndpoint" name="test_08_scan_opportunity_structure" time="1.597" /><testcase classname="backend.tests.test_arbitrage_scanner.TestArbitrageScanEndpoint" name="test_09_opportunities_sorted_by_spread_descending" time="1.531" /><testcase classname="backend.tests.test_arbitrage_scanner.TestArbitrageScanEndpoint" name="test_10_min_spread_filter_applied" time="1.558" /><testcase classname="backend.tests.test_arbitrage_scanner.TestArbitrageIntegration" name="test_11_exchanges_responding" time="2.999" /><testcase classname="backend.tests.test_arbitrage_scanner.TestArbitrageIntegration" name="test_12_major_coins_scanned" time="1.597" /><testcase classname="backend.tests.test_arbitrage_scanner.TestArbitrageIntegration" name="test_13_capital_matches_config" time="1.512" /><testcase classname="backend.tests.test_arbitrage_scanner.TestArbitrageIntegration" name="test_14_scan_time_present" time="1.490" /></testsuite></testsuites>