<?xml version="1.0" encoding="utf-8"?><testsuites name="pytest tests"><testsuite name="pytest" errors="0" failures="0" skipped="0" tests="24" time="5.750" timestamp="2026-05-11T11:56:21.654861+00:00" hostname="agent-env-7e4eb0a8-e782-4a4d-9015-0196a386e028"><testcase classname="tests.test_phase1_subscriptions.TestSubscriptionPackages" name="test_packages_public" time="0.254" /><testcase classname="tests.test_phase1_subscriptions.TestSubscriptionPackages" name="test_me_admin" time="0.409" /><testcase classname="tests.test_phase1_subscriptions.TestSubscriptionPackages" name="test_me_requires_auth" time="0.061" /><testcase classname="tests.test_phase1_subscriptions.TestLessons" name="test_lessons_public_no_embed_for_anon" time="0.086" /><testcase classname="tests.test_phase1_subscriptions.TestLessons" name="test_lessons_admin_gets_embed" time="0.060" /><testcase classname="tests.test_phase1_subscriptions.TestAdminLessons" name="test_create_requires_admin" time="0.765" /><testcase classname="tests.test_phase1_subscriptions.TestAdminLessons" name="test_create_admin" time="0.051" /><testcase classname="tests.test_phase1_subscriptions.TestAdminLessons" name="test_update_admin" time="0.050" /><testcase classname="tests.test_phase1_subscriptions.TestAdminLessons" name="test_delete_admin" time="0.101" /><testcase classname="tests.test_phase1_subscriptions.TestBunny" name="test_bunny_videos_admin_only" time="0.048" /><testcase classname="tests.test_phase1_subscriptions.TestBunny" name="test_bunny_videos_admin_live" time="0.581" /><testcase classname="tests.test_phase1_subscriptions.TestIntroVideo" name="test_intro_public" time="0.075" /><testcase classname="tests.test_phase1_subscriptions.TestAdminUsersAndGrant" name="test_list_users" time="0.057" /><testcase classname="tests.test_phase1_subscriptions.TestAdminUsersAndGrant" name="test_search_admin_users" time="0.053" /><testcase classname="tests.test_phase1_subscriptions.TestAdminUsersAndGrant" name="test_grant_revoke_arbitrage" time="1.371" /><testcase classname="tests.test_phase1_subscriptions.TestAdminUsersAndGrant" name="test_grant_premium" time="0.141" /><testcase classname="tests.test_phase1_subscriptions.TestAdminUsersAndGrant" name="test_grant_unknown_package_400" time="0.048" /><testcase classname="tests.test_phase1_subscriptions.TestArbitrage" name="test_status_public" time="0.077" /><testcase classname="tests.test_phase1_subscriptions.TestArbitrage" name="test_scan_blocked_for_anon" time="0.089" /><testcase classname="tests.test_phase1_subscriptions.TestArbitrage" name="test_scan_blocked_for_non_premium" time="0.049" /><testcase classname="tests.test_phase1_subscriptions.TestArbitrage" name="test_scan_open_for_admin" time="1.107" /><testcase classname="tests.test_phase1_subscriptions.TestPremiumBook" name="test_book_requires_premium" time="0.051" /><testcase classname="tests.test_phase1_subscriptions.TestPremiumBook" name="test_book_admin_503_storage_not_configured" time="0.055" /><testcase classname="tests.test_phase1_subscriptions.TestMigration" name="test_admin_has_premium_active_via_migration_or_admin" time="0.054" /></testsuite></testsuites>