<?xml version="1.0" encoding="utf-8"?><testsuites name="pytest tests"><testsuite name="pytest" errors="0" failures="0" skipped="0" tests="8" time="2.872" timestamp="2026-05-06T10:28:34.008480+00:00" hostname="agent-env-7e4eb0a8-e782-4a4d-9015-0196a386e028"><testcase classname="tests.test_yigim_entitlement" name="test_grant_entitlement_for_each_product[course-course_access-None]" time="0.256" /><testcase classname="tests.test_yigim_entitlement" name="test_grant_entitlement_for_each_product[book-book_access-None]" time="0.184" /><testcase classname="tests.test_yigim_entitlement" name="test_grant_entitlement_for_each_product[signals-signals_subscription-signals_expiry]" time="0.188" /><testcase classname="tests.test_yigim_entitlement" name="test_grant_entitlement_for_each_product[arbitrage-arbitrage_subscription-arbitrage_expiry]" time="0.185" /><testcase classname="tests.test_yigim_entitlement" name="test_grant_entitlement_is_idempotent" time="0.209" /><testcase classname="tests.test_yigim_entitlement" name="test_refresh_status_grants_on_approved" time="0.150" /><testcase classname="tests.test_yigim_entitlement" name="test_refresh_status_marks_failed_on_decline" time="0.004" /><testcase classname="tests.test_yigim_entitlement" name="test_refresh_status_pending_remains_pending" time="0.004" /></testsuite></testsuites>