<?xml version="1.0" encoding="utf-8"?><testsuites name="pytest tests"><testsuite name="pytest" errors="0" failures="0" skipped="0" tests="19" time="3.238" timestamp="2026-01-17T22:39:22.306044+00:00" hostname="agent-env-964a5aaa-d877-489b-b480-1ade87dfff51"><testcase classname="tests.test_backend_api.TestHealthAndRoot" name="test_api_root" time="0.076" /><testcase classname="tests.test_backend_api.TestHealthAndRoot" name="test_market_data" time="0.036" /><testcase classname="tests.test_backend_api.TestAuth" name="test_login_success" time="0.261" /><testcase classname="tests.test_backend_api.TestAuth" name="test_login_invalid_credentials" time="0.041" /><testcase classname="tests.test_backend_api.TestAuth" name="test_get_me_authenticated" time="0.296" /><testcase classname="tests.test_backend_api.TestAuth" name="test_get_me_unauthenticated" time="0.036" /><testcase classname="tests.test_backend_api.TestCourses" name="test_get_courses" time="0.040" /><testcase classname="tests.test_backend_api.TestCourses" name="test_get_courses_authenticated" time="0.337" /><testcase classname="tests.test_backend_api.TestBook" name="test_get_book_unauthenticated" time="0.037" /><testcase classname="tests.test_backend_api.TestBook" name="test_get_book_authenticated" time="0.303" /><testcase classname="tests.test_backend_api.TestBook" name="test_update_book" time="0.449" /><testcase classname="tests.test_backend_api.TestSignals" name="test_get_signals_unauthenticated" time="0.039" /><testcase classname="tests.test_backend_api.TestSignals" name="test_get_signals_authenticated" time="0.301" /><testcase classname="tests.test_backend_api.TestAdmin" name="test_get_stats" time="0.295" /><testcase classname="tests.test_backend_api.TestAdmin" name="test_get_users" time="0.298" /><testcase classname="tests.test_backend_api.TestAdmin" name="test_admin_endpoints_require_auth" time="0.073" /><testcase classname="tests.test_backend_api.TestNews" name="test_get_news" time="0.037" /><testcase classname="tests.test_backend_api.TestStaticFiles" name="test_video_file_headers" time="0.040" /><testcase classname="tests.test_backend_api.TestStaticFiles" name="test_pdf_file_headers" time="0.037" /></testsuite></testsuites>