<?xml version="1.0" encoding="utf-8"?><testsuites name="pytest tests"><testsuite name="pytest" errors="0" failures="0" skipped="0" tests="7" time="4.570" timestamp="2026-03-16T10:05:29.215999+00:00" hostname="agent-env-7e4eb0a8-e782-4a4d-9015-0196a386e028"><testcase classname="backend.tests.test_video_upload.TestVideoUpload" name="test_01_upload_mp4_no_conversion" time="2.607" /><testcase classname="backend.tests.test_video_upload.TestVideoUpload" name="test_02_upload_mov_with_conversion" time="0.268" /><testcase classname="backend.tests.test_video_upload.TestVideoUpload" name="test_03_converted_file_accessible" time="0.370" /><testcase classname="backend.tests.test_video_upload.TestVideoUpload" name="test_04_invalid_file_type_rejected" time="0.118" /><testcase classname="backend.tests.test_video_upload.TestVideoUpload" name="test_05_original_file_deleted_after_conversion" time="0.417" /><testcase classname="backend.tests.test_video_upload.TestVideoUpload" name="test_06_upload_without_auth_rejected" time="0.114" /><testcase classname="backend.tests.test_video_upload.TestCourseFormFields" name="test_course_creation_with_all_fields" time="0.614" /></testsuite></testsuites>